1606168810944	mozrunner::runner	INFO	Running command: "/usr/bin/firefox" "-marionette" "-headless" "-foreground" "-no-remote" "-profile" "/tmp/rust_mozprofile2zoM2D"
*** You are running in headless mode.
console.warn: SearchSettings: "get: No settings file exists, new profile?" (new Error("", "(unknown module)"))
1606168813493	Marionette	INFO	Listening on port 34971
1606168813619	Marionette	WARN	TLS certificate errors will be ignored for this session
1606168819397	Marionette	INFO	Stopped listening on port 34971
1606169241818	mozrunner::runner	INFO	Running command: "/usr/bin/firefox" "-marionette" "-headless" "-foreground" "-no-remote" "-profile" "/tmp/rust_mozprofiletHrI1m"
*** You are running in headless mode.
console.warn: SearchSettings: "get: No settings file exists, new profile?" (new Error("", "(unknown module)"))
1606169244612	Marionette	INFO	Listening on port 45989
1606169244688	Marionette	WARN	TLS certificate errors will be ignored for this session
1606169401559	mozrunner::runner	INFO	Running command: "/usr/bin/firefox" "-marionette" "-headless" "-foreground" "-no-remote" "-profile" "/tmp/rust_mozprofileg36nwE"
*** You are running in headless mode.
console.warn: SearchSettings: "get: No settings file exists, new profile?" (new Error("", "(unknown module)"))
1606169404346	Marionette	INFO	Listening on port 39805
1606169404432	Marionette	WARN	TLS certificate errors will be ignored for this session
1606169404436	Marionette	INFO	Proxy settings initialised: {"proxyType":"manual","ftpProxy":"localhost:9091","httpProxy":"localhost:9091","sslProxy":"localhost:9091"}
1606169411697	Marionette	INFO	Stopped listening on port 39805
1606169465025	mozrunner::runner	INFO	Running command: "/usr/bin/firefox" "-marionette" "-headless" "-foreground" "-no-remote" "-profile" "/tmp/rust_mozprofileUzS3TO"
*** You are running in headless mode.
console.warn: SearchSettings: "get: No settings file exists, new profile?" (new Error("", "(unknown module)"))
1606169467702	Marionette	INFO	Listening on port 41003
1606169467768	Marionette	WARN	TLS certificate errors will be ignored for this session
1606169467771	Marionette	INFO	Proxy settings initialised: {"proxyType":"manual","ftpProxy":"localhost:9091","httpProxy":"localhost:9091","sslProxy":"localhost:9091"}
1606169474077	Marionette	INFO	Stopped listening on port 41003
